<?xml version="1.0" encoding="UTF-8"?>
<!-- Generated by org.testng.reporters.JUnitXMLReporter -->
<testsuite ignored="0" hostname="Soumya" failures="0" tests="13" name="Default test" time="55.371" errors="0" timestamp="2025-10-27T16:15:32 AEDT">
  <testcase classname="com.Weberp.qa.testcases.PettyCashPageTest" name="testAssignCashtoPCTabNavigation" time="0.573"/>
  <testcase classname="com.Weberp.qa.testcases.PettyCashPageTest" name="testTransferAssignedCashBetweenPCTabsNavigation" time="0.577"/>
  <testcase classname="com.Weberp.qa.testcases.PettyCashPageTest" name="testClaimExpensesFromPCTabNavigation" time="1.042"/>
  <testcase classname="com.Weberp.qa.testcases.PettyCashPageTest" name="testAuthorizeExpensesNavigation" time="0.503"/>
  <testcase classname="com.Weberp.qa.testcases.PettyCashPageTest" name="testAuthorizeAssignedCashNavigation" time="0.619"/>
  <testcase classname="com.Weberp.qa.testcases.PettyCashPageTest" name="testPCTabGeneralReportNavigation" time="0.47"/>
  <testcase classname="com.Weberp.qa.testcases.PettyCashPageTest" name="testPCExpenseGeneralReportNavigation" time="0.471"/>
  <testcase classname="com.Weberp.qa.testcases.PettyCashPageTest" name="testPCTabExpensesListNavigation" time="0.406"/>
  <testcase classname="com.Weberp.qa.testcases.PettyCashPageTest" name="testPCExpensesAnalysisNavigation" time="0.469"/>
  <testcase classname="com.Weberp.qa.testcases.PettyCashPageTest" name="testTypesofPCTabsNavigation" time="0.391"/>
  <testcase classname="com.Weberp.qa.testcases.PettyCashPageTest" name="testPCTabsNavigation" time="0.356"/>
  <testcase classname="com.Weberp.qa.testcases.PettyCashPageTest" name="testPCExpensesNavigation" time="0.418"/>
  <testcase classname="com.Weberp.qa.testcases.PettyCashPageTest" name="testExpensesforTypeofPCTabNavigation" time="0.712"/>
</testsuite> <!-- Default test -->
