<?xml version="1.0" encoding="UTF-8"?>
<!-- Generated by org.testng.reporters.JUnitXMLReporter -->
<testsuite ignored="0" hostname="Soumya" failures="0" tests="9" name="Default test" time="190.0" errors="0" timestamp="2025-08-21T13:44:28 AEST">
  <testcase classname="com.Weberp.qa.testcases.SalesPageTest" name="testNewSalesOrderNavigation" time="19.541"/>
  <testcase classname="com.Weberp.qa.testcases.SalesPageTest" name="testEnterCounterSalesNavigation" time="20.16"/>
  <testcase classname="com.Weberp.qa.testcases.SalesPageTest" name="testEnterCounterReturnsNavigation" time="17.933"/>
  <testcase classname="com.Weberp.qa.testcases.SalesPageTest" name="testGeneratePickingListsNavigation" time="18.67"/>
  <testcase classname="com.Weberp.qa.testcases.SalesPageTest" name="testOutstandingSalesOrdersNavigation" time="19.657"/>
  <testcase classname="com.Weberp.qa.testcases.SalesPageTest" name="testSpecialOrderNavigation" time="19.574"/>
  <testcase classname="com.Weberp.qa.testcases.SalesPageTest" name="testRecurringOrderTemplateNavigation" time="21.679"/>
  <testcase classname="com.Weberp.qa.testcases.SalesPageTest" name="testProcessRecurringOrderNavigation" time="15.979"/>
  <testcase classname="com.Weberp.qa.testcases.SalesPageTest" name="testMaintainPickingListavigation" time="16.859"/>
</testsuite> <!-- Default test -->
