<?xml version="1.0" encoding="UTF-8"?>
<testng-results ignored="0" total="13" passed="13" failed="0" skipped="0">
  <reporter-output>
  </reporter-output>
  <suite started-at="2025-10-27T16:14:36 AEDT" name="Default suite" finished-at="2025-10-27T16:15:32 AEDT" duration-ms="55371">
    <groups>
    </groups>
    <test started-at="2025-10-27T16:14:36 AEDT" name="Default test" finished-at="2025-10-27T16:15:32 AEDT" duration-ms="55371">
      <class name="com.Weberp.qa.testcases.PettyCashPageTest">
        <test-method is-config="true" signature="setUp()[pri:0, instance:com.Weberp.qa.testcases.PettyCashPageTest@4f6ee6e4]" started-at="2025-10-27T16:14:36 AEDT" name="setUp" finished-at="2025-10-27T16:14:48 AEDT" duration-ms="11196" status="PASS">
          <reporter-output>
          </reporter-output>
        </test-method> <!-- setUp -->
        <test-method signature="testAssignCashtoPCTabNavigation()[pri:1, instance:com.Weberp.qa.testcases.PettyCashPageTest@4f6ee6e4]" started-at="2025-10-27T16:14:48 AEDT" name="testAssignCashtoPCTabNavigation" finished-at="2025-10-27T16:14:48 AEDT" duration-ms="573" status="PASS">
          <reporter-output>
          </reporter-output>
        </test-method> <!-- testAssignCashtoPCTabNavigation -->
        <test-method is-config="true" signature="tearDown()[pri:0, instance:com.Weberp.qa.testcases.PettyCashPageTest@4f6ee6e4]" started-at="2025-10-27T16:14:48 AEDT" name="tearDown" finished-at="2025-10-27T16:14:48 AEDT" duration-ms="206" status="PASS">
          <reporter-output>
          </reporter-output>
        </test-method> <!-- tearDown -->
        <test-method is-config="true" signature="setUp()[pri:0, instance:com.Weberp.qa.testcases.PettyCashPageTest@4f6ee6e4]" started-at="2025-10-27T16:14:48 AEDT" name="setUp" finished-at="2025-10-27T16:14:52 AEDT" duration-ms="3026" status="PASS">
          <reporter-output>
          </reporter-output>
        </test-method> <!-- setUp -->
        <test-method signature="testTransferAssignedCashBetweenPCTabsNavigation()[pri:2, instance:com.Weberp.qa.testcases.PettyCashPageTest@4f6ee6e4]" started-at="2025-10-27T16:14:52 AEDT" name="testTransferAssignedCashBetweenPCTabsNavigation" finished-at="2025-10-27T16:14:52 AEDT" duration-ms="577" status="PASS">
          <reporter-output>
          </reporter-output>
        </test-method> <!-- testTransferAssignedCashBetweenPCTabsNavigation -->
        <test-method is-config="true" signature="tearDown()[pri:0, instance:com.Weberp.qa.testcases.PettyCashPageTest@4f6ee6e4]" started-at="2025-10-27T16:14:52 AEDT" name="tearDown" finished-at="2025-10-27T16:14:52 AEDT" duration-ms="183" status="PASS">
          <reporter-output>
          </reporter-output>
        </test-method> <!-- tearDown -->
        <test-method is-config="true" signature="setUp()[pri:0, instance:com.Weberp.qa.testcases.PettyCashPageTest@4f6ee6e4]" started-at="2025-10-27T16:14:52 AEDT" name="setUp" finished-at="2025-10-27T16:14:56 AEDT" duration-ms="3607" status="PASS">
          <reporter-output>
          </reporter-output>
        </test-method> <!-- setUp -->
        <test-method signature="testClaimExpensesFromPCTabNavigation()[pri:3, instance:com.Weberp.qa.testcases.PettyCashPageTest@4f6ee6e4]" started-at="2025-10-27T16:14:56 AEDT" name="testClaimExpensesFromPCTabNavigation" finished-at="2025-10-27T16:14:57 AEDT" duration-ms="1042" status="PASS">
          <reporter-output>
          </reporter-output>
        </test-method> <!-- testClaimExpensesFromPCTabNavigation -->
        <test-method is-config="true" signature="tearDown()[pri:0, instance:com.Weberp.qa.testcases.PettyCashPageTest@4f6ee6e4]" started-at="2025-10-27T16:14:57 AEDT" name="tearDown" finished-at="2025-10-27T16:14:57 AEDT" duration-ms="232" status="PASS">
          <reporter-output>
          </reporter-output>
        </test-method> <!-- tearDown -->
        <test-method is-config="true" signature="setUp()[pri:0, instance:com.Weberp.qa.testcases.PettyCashPageTest@4f6ee6e4]" started-at="2025-10-27T16:14:57 AEDT" name="setUp" finished-at="2025-10-27T16:15:00 AEDT" duration-ms="2736" status="PASS">
          <reporter-output>
          </reporter-output>
        </test-method> <!-- setUp -->
        <test-method signature="testAuthorizeExpensesNavigation()[pri:4, instance:com.Weberp.qa.testcases.PettyCashPageTest@4f6ee6e4]" started-at="2025-10-27T16:15:00 AEDT" name="testAuthorizeExpensesNavigation" finished-at="2025-10-27T16:15:00 AEDT" duration-ms="503" status="PASS">
          <reporter-output>
          </reporter-output>
        </test-method> <!-- testAuthorizeExpensesNavigation -->
        <test-method is-config="true" signature="tearDown()[pri:0, instance:com.Weberp.qa.testcases.PettyCashPageTest@4f6ee6e4]" started-at="2025-10-27T16:15:00 AEDT" name="tearDown" finished-at="2025-10-27T16:15:01 AEDT" duration-ms="173" status="PASS">
          <reporter-output>
          </reporter-output>
        </test-method> <!-- tearDown -->
        <test-method is-config="true" signature="setUp()[pri:0, instance:com.Weberp.qa.testcases.PettyCashPageTest@4f6ee6e4]" started-at="2025-10-27T16:15:01 AEDT" name="setUp" finished-at="2025-10-27T16:15:04 AEDT" duration-ms="3388" status="PASS">
          <reporter-output>
          </reporter-output>
        </test-method> <!-- setUp -->
        <test-method signature="testAuthorizeAssignedCashNavigation()[pri:5, instance:com.Weberp.qa.testcases.PettyCashPageTest@4f6ee6e4]" started-at="2025-10-27T16:15:04 AEDT" name="testAuthorizeAssignedCashNavigation" finished-at="2025-10-27T16:15:05 AEDT" duration-ms="619" status="PASS">
          <reporter-output>
          </reporter-output>
        </test-method> <!-- testAuthorizeAssignedCashNavigation -->
        <test-method is-config="true" signature="tearDown()[pri:0, instance:com.Weberp.qa.testcases.PettyCashPageTest@4f6ee6e4]" started-at="2025-10-27T16:15:05 AEDT" name="tearDown" finished-at="2025-10-27T16:15:05 AEDT" duration-ms="217" status="PASS">
          <reporter-output>
          </reporter-output>
        </test-method> <!-- tearDown -->
        <test-method is-config="true" signature="setUp()[pri:0, instance:com.Weberp.qa.testcases.PettyCashPageTest@4f6ee6e4]" started-at="2025-10-27T16:15:05 AEDT" name="setUp" finished-at="2025-10-27T16:15:08 AEDT" duration-ms="2793" status="PASS">
          <reporter-output>
          </reporter-output>
        </test-method> <!-- setUp -->
        <test-method signature="testPCTabGeneralReportNavigation()[pri:6, instance:com.Weberp.qa.testcases.PettyCashPageTest@4f6ee6e4]" started-at="2025-10-27T16:15:08 AEDT" name="testPCTabGeneralReportNavigation" finished-at="2025-10-27T16:15:08 AEDT" duration-ms="470" status="PASS">
          <reporter-output>
          </reporter-output>
        </test-method> <!-- testPCTabGeneralReportNavigation -->
        <test-method is-config="true" signature="tearDown()[pri:0, instance:com.Weberp.qa.testcases.PettyCashPageTest@4f6ee6e4]" started-at="2025-10-27T16:15:08 AEDT" name="tearDown" finished-at="2025-10-27T16:15:08 AEDT" duration-ms="148" status="PASS">
          <reporter-output>
          </reporter-output>
        </test-method> <!-- tearDown -->
        <test-method is-config="true" signature="setUp()[pri:0, instance:com.Weberp.qa.testcases.PettyCashPageTest@4f6ee6e4]" started-at="2025-10-27T16:15:08 AEDT" name="setUp" finished-at="2025-10-27T16:15:11 AEDT" duration-ms="2834" status="PASS">
          <reporter-output>
          </reporter-output>
        </test-method> <!-- setUp -->
        <test-method signature="testPCExpenseGeneralReportNavigation()[pri:7, instance:com.Weberp.qa.testcases.PettyCashPageTest@4f6ee6e4]" started-at="2025-10-27T16:15:11 AEDT" name="testPCExpenseGeneralReportNavigation" finished-at="2025-10-27T16:15:12 AEDT" duration-ms="471" status="PASS">
          <reporter-output>
          </reporter-output>
        </test-method> <!-- testPCExpenseGeneralReportNavigation -->
        <test-method is-config="true" signature="tearDown()[pri:0, instance:com.Weberp.qa.testcases.PettyCashPageTest@4f6ee6e4]" started-at="2025-10-27T16:15:12 AEDT" name="tearDown" finished-at="2025-10-27T16:15:12 AEDT" duration-ms="151" status="PASS">
          <reporter-output>
          </reporter-output>
        </test-method> <!-- tearDown -->
        <test-method is-config="true" signature="setUp()[pri:0, instance:com.Weberp.qa.testcases.PettyCashPageTest@4f6ee6e4]" started-at="2025-10-27T16:15:12 AEDT" name="setUp" finished-at="2025-10-27T16:15:14 AEDT" duration-ms="2595" status="PASS">
          <reporter-output>
          </reporter-output>
        </test-method> <!-- setUp -->
        <test-method signature="testPCTabExpensesListNavigation()[pri:8, instance:com.Weberp.qa.testcases.PettyCashPageTest@4f6ee6e4]" started-at="2025-10-27T16:15:14 AEDT" name="testPCTabExpensesListNavigation" finished-at="2025-10-27T16:15:15 AEDT" duration-ms="406" status="PASS">
          <reporter-output>
          </reporter-output>
        </test-method> <!-- testPCTabExpensesListNavigation -->
        <test-method is-config="true" signature="tearDown()[pri:0, instance:com.Weberp.qa.testcases.PettyCashPageTest@4f6ee6e4]" started-at="2025-10-27T16:15:15 AEDT" name="tearDown" finished-at="2025-10-27T16:15:15 AEDT" duration-ms="177" status="PASS">
          <reporter-output>
          </reporter-output>
        </test-method> <!-- tearDown -->
        <test-method is-config="true" signature="setUp()[pri:0, instance:com.Weberp.qa.testcases.PettyCashPageTest@4f6ee6e4]" started-at="2025-10-27T16:15:15 AEDT" name="setUp" finished-at="2025-10-27T16:15:18 AEDT" duration-ms="2726" status="PASS">
          <reporter-output>
          </reporter-output>
        </test-method> <!-- setUp -->
        <test-method signature="testPCExpensesAnalysisNavigation()[pri:9, instance:com.Weberp.qa.testcases.PettyCashPageTest@4f6ee6e4]" started-at="2025-10-27T16:15:18 AEDT" name="testPCExpensesAnalysisNavigation" finished-at="2025-10-27T16:15:18 AEDT" duration-ms="469" status="PASS">
          <reporter-output>
          </reporter-output>
        </test-method> <!-- testPCExpensesAnalysisNavigation -->
        <test-method is-config="true" signature="tearDown()[pri:0, instance:com.Weberp.qa.testcases.PettyCashPageTest@4f6ee6e4]" started-at="2025-10-27T16:15:18 AEDT" name="tearDown" finished-at="2025-10-27T16:15:18 AEDT" duration-ms="157" status="PASS">
          <reporter-output>
          </reporter-output>
        </test-method> <!-- tearDown -->
        <test-method is-config="true" signature="setUp()[pri:0, instance:com.Weberp.qa.testcases.PettyCashPageTest@4f6ee6e4]" started-at="2025-10-27T16:15:18 AEDT" name="setUp" finished-at="2025-10-27T16:15:21 AEDT" duration-ms="2957" status="PASS">
          <reporter-output>
          </reporter-output>
        </test-method> <!-- setUp -->
        <test-method signature="testTypesofPCTabsNavigation()[pri:10, instance:com.Weberp.qa.testcases.PettyCashPageTest@4f6ee6e4]" started-at="2025-10-27T16:15:21 AEDT" name="testTypesofPCTabsNavigation" finished-at="2025-10-27T16:15:22 AEDT" duration-ms="391" status="PASS">
          <reporter-output>
          </reporter-output>
        </test-method> <!-- testTypesofPCTabsNavigation -->
        <test-method is-config="true" signature="tearDown()[pri:0, instance:com.Weberp.qa.testcases.PettyCashPageTest@4f6ee6e4]" started-at="2025-10-27T16:15:22 AEDT" name="tearDown" finished-at="2025-10-27T16:15:22 AEDT" duration-ms="180" status="PASS">
          <reporter-output>
          </reporter-output>
        </test-method> <!-- tearDown -->
        <test-method is-config="true" signature="setUp()[pri:0, instance:com.Weberp.qa.testcases.PettyCashPageTest@4f6ee6e4]" started-at="2025-10-27T16:15:22 AEDT" name="setUp" finished-at="2025-10-27T16:15:24 AEDT" duration-ms="2503" status="PASS">
          <reporter-output>
          </reporter-output>
        </test-method> <!-- setUp -->
        <test-method signature="testPCTabsNavigation()[pri:11, instance:com.Weberp.qa.testcases.PettyCashPageTest@4f6ee6e4]" started-at="2025-10-27T16:15:24 AEDT" name="testPCTabsNavigation" finished-at="2025-10-27T16:15:25 AEDT" duration-ms="356" status="PASS">
          <reporter-output>
          </reporter-output>
        </test-method> <!-- testPCTabsNavigation -->
        <test-method is-config="true" signature="tearDown()[pri:0, instance:com.Weberp.qa.testcases.PettyCashPageTest@4f6ee6e4]" started-at="2025-10-27T16:15:25 AEDT" name="tearDown" finished-at="2025-10-27T16:15:25 AEDT" duration-ms="194" status="PASS">
          <reporter-output>
          </reporter-output>
        </test-method> <!-- tearDown -->
        <test-method is-config="true" signature="setUp()[pri:0, instance:com.Weberp.qa.testcases.PettyCashPageTest@4f6ee6e4]" started-at="2025-10-27T16:15:25 AEDT" name="setUp" finished-at="2025-10-27T16:15:27 AEDT" duration-ms="2521" status="PASS">
          <reporter-output>
          </reporter-output>
        </test-method> <!-- setUp -->
        <test-method signature="testPCExpensesNavigation()[pri:12, instance:com.Weberp.qa.testcases.PettyCashPageTest@4f6ee6e4]" started-at="2025-10-27T16:15:27 AEDT" name="testPCExpensesNavigation" finished-at="2025-10-27T16:15:28 AEDT" duration-ms="418" status="PASS">
          <reporter-output>
          </reporter-output>
        </test-method> <!-- testPCExpensesNavigation -->
        <test-method is-config="true" signature="tearDown()[pri:0, instance:com.Weberp.qa.testcases.PettyCashPageTest@4f6ee6e4]" started-at="2025-10-27T16:15:28 AEDT" name="tearDown" finished-at="2025-10-27T16:15:28 AEDT" duration-ms="213" status="PASS">
          <reporter-output>
          </reporter-output>
        </test-method> <!-- tearDown -->
        <test-method is-config="true" signature="setUp()[pri:0, instance:com.Weberp.qa.testcases.PettyCashPageTest@4f6ee6e4]" started-at="2025-10-27T16:15:28 AEDT" name="setUp" finished-at="2025-10-27T16:15:31 AEDT" duration-ms="2631" status="PASS">
          <reporter-output>
          </reporter-output>
        </test-method> <!-- setUp -->
        <test-method signature="testExpensesforTypeofPCTabNavigation()[pri:13, instance:com.Weberp.qa.testcases.PettyCashPageTest@4f6ee6e4]" started-at="2025-10-27T16:15:31 AEDT" name="testExpensesforTypeofPCTabNavigation" finished-at="2025-10-27T16:15:31 AEDT" duration-ms="712" status="PASS">
          <reporter-output>
          </reporter-output>
        </test-method> <!-- testExpensesforTypeofPCTabNavigation -->
        <test-method is-config="true" signature="tearDown()[pri:0, instance:com.Weberp.qa.testcases.PettyCashPageTest@4f6ee6e4]" started-at="2025-10-27T16:15:31 AEDT" name="tearDown" finished-at="2025-10-27T16:15:32 AEDT" duration-ms="220" status="PASS">
          <reporter-output>
          </reporter-output>
        </test-method> <!-- tearDown -->
      </class> <!-- com.Weberp.qa.testcases.PettyCashPageTest -->
    </test> <!-- Default test -->
  </suite> <!-- Default suite -->
</testng-results>
